<?xml version="1.0" encoding="UTF-8"?>
<coverage generated="1668642316523" clover="3.2.0">
  <project timestamp="1668642316523" name="All files">
    <metrics statements="89" coveredstatements="56" conditionals="40" coveredconditionals="23" methods="21" coveredmethods="9" elements="150" coveredelements="88" complexity="0" loc="89" ncloc="89" packages="1" files="4" classes="4"/>
    <file name="asset-uploader.ts" path="/Users/jleng/Workspace/token/sdk/typescript/src/asset-uploader.ts">
      <metrics statements="14" coveredstatements="10" conditionals="0" coveredconditionals="0" methods="4" coveredmethods="2"/>
      <line num="1" count="2" type="stmt"/>
      <line num="4" count="2" type="stmt"/>
      <line num="13" count="2" type="stmt"/>
      <line num="16" count="2" type="stmt"/>
      <line num="23" count="2" type="stmt"/>
      <line num="24" count="2" type="stmt"/>
      <line num="25" count="2" type="stmt"/>
      <line num="26" count="0" type="stmt"/>
      <line num="28" count="2" type="stmt"/>
      <line num="37" count="0" type="stmt"/>
      <line num="39" count="0" type="stmt"/>
      <line num="40" count="0" type="stmt"/>
      <line num="44" count="2" type="stmt"/>
      <line num="45" count="2" type="stmt"/>
    </file>
    <file name="input-parser.ts" path="/Users/jleng/Workspace/token/sdk/typescript/src/input-parser.ts">
      <metrics statements="10" coveredstatements="10" conditionals="0" coveredconditionals="0" methods="2" coveredmethods="2"/>
      <line num="1" count="2" type="stmt"/>
      <line num="8" count="2" type="stmt"/>
      <line num="9" count="1" type="stmt"/>
      <line num="12" count="1" type="stmt"/>
      <line num="22" count="1" type="stmt"/>
      <line num="23" count="1" type="stmt"/>
      <line num="25" count="1" type="stmt"/>
      <line num="26" count="2" type="stmt"/>
      <line num="40" count="2" type="stmt"/>
      <line num="43" count="1" type="stmt"/>
    </file>
    <file name="token-mill.ts" path="/Users/jleng/Workspace/token/sdk/typescript/src/token-mill.ts">
      <metrics statements="31" coveredstatements="4" conditionals="2" coveredconditionals="0" methods="9" coveredmethods="0"/>
      <line num="1" count="1" type="stmt"/>
      <line num="2" count="1" type="stmt"/>
      <line num="9" count="1" type="stmt"/>
      <line num="13" count="1" type="stmt"/>
      <line num="28" count="0" type="stmt"/>
      <line num="29" count="0" type="stmt"/>
      <line num="30" count="0" type="stmt"/>
      <line num="31" count="0" type="stmt"/>
      <line num="32" count="0" type="stmt"/>
      <line num="37" count="0" type="stmt"/>
      <line num="38" count="0" type="stmt"/>
      <line num="39" count="0" type="stmt"/>
      <line num="40" count="0" type="stmt"/>
      <line num="42" count="0" type="stmt"/>
      <line num="44" count="0" type="stmt"/>
      <line num="51" count="0" type="stmt"/>
      <line num="55" count="0" type="stmt"/>
      <line num="59" count="0" type="stmt"/>
      <line num="63" count="0" type="stmt"/>
      <line num="77" count="0" type="stmt"/>
      <line num="81" count="0" type="stmt"/>
      <line num="87" count="0" type="cond" truecount="0" falsecount="2"/>
      <line num="90" count="0" type="stmt"/>
      <line num="106" count="0" type="stmt"/>
      <line num="114" count="0" type="stmt"/>
      <line num="115" count="0" type="stmt"/>
      <line num="118" count="0" type="stmt"/>
      <line num="119" count="0" type="stmt"/>
      <line num="120" count="0" type="stmt"/>
      <line num="121" count="0" type="stmt"/>
      <line num="126" count="0" type="stmt"/>
    </file>
    <file name="token-types.ts" path="/Users/jleng/Workspace/token/sdk/typescript/src/token-types.ts">
      <metrics statements="34" coveredstatements="32" conditionals="38" coveredconditionals="23" methods="6" coveredmethods="5"/>
      <line num="5" count="2" type="stmt"/>
      <line num="9" count="3" type="cond" truecount="1" falsecount="1"/>
      <line num="10" count="0" type="stmt"/>
      <line num="12" count="3" type="cond" truecount="1" falsecount="1"/>
      <line num="18" count="2" type="stmt"/>
      <line num="21" count="0" type="stmt"/>
      <line num="25" count="2" type="stmt"/>
      <line num="43" count="1" type="cond" truecount="1" falsecount="1"/>
      <line num="44" count="1" type="cond" truecount="1" falsecount="1"/>
      <line num="45" count="1" type="cond" truecount="1" falsecount="1"/>
      <line num="46" count="1" type="cond" truecount="1" falsecount="1"/>
      <line num="47" count="1" type="cond" truecount="2" falsecount="0"/>
      <line num="48" count="1" type="cond" truecount="1" falsecount="1"/>
      <line num="49" count="1" type="stmt"/>
      <line num="53" count="2" type="stmt"/>
      <line num="81" count="2" type="cond" truecount="1" falsecount="1"/>
      <line num="82" count="2" type="cond" truecount="1" falsecount="1"/>
      <line num="83" count="2" type="cond" truecount="1" falsecount="1"/>
      <line num="84" count="2" type="cond" truecount="1" falsecount="1"/>
      <line num="85" count="2" type="stmt"/>
      <line num="86" count="2" type="cond" truecount="1" falsecount="1"/>
      <line num="87" count="2" type="cond" truecount="2" falsecount="0"/>
      <line num="88" count="2" type="stmt"/>
      <line num="89" count="2" type="cond" truecount="1" falsecount="1"/>
      <line num="90" count="2" type="cond" truecount="1" falsecount="1"/>
      <line num="91" count="2" type="cond" truecount="1" falsecount="1"/>
      <line num="92" count="2" type="stmt"/>
      <line num="96" count="2" type="stmt"/>
      <line num="101" count="2" type="stmt"/>
      <line num="102" count="2" type="cond" truecount="2" falsecount="0"/>
      <line num="103" count="2" type="cond" truecount="2" falsecount="0"/>
      <line num="107" count="2" type="stmt"/>
      <line num="111" count="1" type="stmt"/>
      <line num="112" count="1" type="stmt"/>
    </file>
  </project>
</coverage>
