{"/Users/jleng/Workspace/token/sdk/typescript/src/asset-uploader.ts": {"path":"/Users/jleng/Workspace/token/sdk/typescript/src/asset-uploader.ts","statementMap":{"0":{"start":{"line":1,"column":0},"end":{"line":1,"column":44}},"1":{"start":{"line":4,"column":0},"end":{"line":4,"column":37}},"2":{"start":{"line":16,"column":2},"end":{"line":16,"column":54}},"3":{"start":{"line":23,"column":4},"end":{"line":23,"column":29}},"4":{"start":{"line":24,"column":4},"end":{"line":24,"column":27}},"5":{"start":{"line":25,"column":28},"end":{"line":26,"column":49}},"6":{"start":{"line":26,"column":6},"end":{"line":26,"column":49}},"7":{"start":{"line":28,"column":4},"end":{"line":33,"column":7}},"8":{"start":{"line":37,"column":19},"end":{"line":37,"column":43}},"9":{"start":{"line":39,"column":16},"end":{"line":39,"column":49}},"10":{"start":{"line":40,"column":4},"end":{"line":40,"column":18}},"11":{"start":{"line":44,"column":19},"end":{"line":44,"column":43}},"12":{"start":{"line":45,"column":4},"end":{"line":45,"column":41}},"13":{"start":{"line":13,"column":0},"end":{"line":13,"column":13}}},"fnMap":{"0":{"name":"(anonymous_1)","decl":{"start":{"line":22,"column":2},"end":{"line":22,"column":14}},"loc":{"start":{"line":22,"column":35},"end":{"line":34,"column":3}}},"1":{"name":"(anonymous_2)","decl":{"start":{"line":25,"column":28},"end":{"line":25,"column":33}},"loc":{"start":{"line":26,"column":6},"end":{"line":26,"column":49}}},"2":{"name":"(anonymous_3)","decl":{"start":{"line":36,"column":2},"end":{"line":36,"column":7}},"loc":{"start":{"line":36,"column":35},"end":{"line":41,"column":3}}},"3":{"name":"(anonymous_4)","decl":{"start":{"line":43,"column":2},"end":{"line":43,"column":7}},"loc":{"start":{"line":43,"column":27},"end":{"line":46,"column":3}}}},"branchMap":{},"s":{"0":2,"1":2,"2":2,"3":2,"4":2,"5":2,"6":0,"7":2,"8":0,"9":0,"10":0,"11":2,"12":2,"13":2},"f":{"0":2,"1":0,"2":0,"3":2},"b":{}}
,"/Users/jleng/Workspace/token/sdk/typescript/src/input-parser.ts": {"path":"/Users/jleng/Workspace/token/sdk/typescript/src/input-parser.ts","statementMap":{"0":{"start":{"line":1,"column":0},"end":{"line":1,"column":null}},"1":{"start":{"line":9,"column":22},"end":{"line":9,"column":41}},"2":{"start":{"line":12,"column":13},"end":{"line":19,"column":null}},"3":{"start":{"line":22,"column":15},"end":{"line":22,"column":33}},"4":{"start":{"line":23,"column":26},"end":{"line":23,"column":28}},"5":{"start":{"line":25,"column":2},"end":{"line":41,"column":5}},"6":{"start":{"line":26,"column":22},"end":{"line":38,"column":null}},"7":{"start":{"line":40,"column":4},"end":{"line":40,"column":53}},"8":{"start":{"line":43,"column":2},"end":{"line":43,"column":42}},"9":{"start":{"line":8,"column":0},"end":{"line":8,"column":16}}},"fnMap":{"0":{"name":"parseAssetJson","decl":{"start":{"line":8,"column":16},"end":{"line":8,"column":30}},"loc":{"start":{"line":8,"column":46},"end":{"line":44,"column":1}}},"1":{"name":"(anonymous_1)","decl":{"start":{"line":25,"column":15},"end":{"line":25,"column":16}},"loc":{"start":{"line":25,"column":28},"end":{"line":41,"column":3}}}},"branchMap":{},"s":{"0":2,"1":1,"2":1,"3":1,"4":1,"5":1,"6":2,"7":2,"8":1,"9":2},"f":{"0":1,"1":2},"b":{}}
,"/Users/jleng/Workspace/token/sdk/typescript/src/token-mill.ts": {"path":"/Users/jleng/Workspace/token/sdk/typescript/src/token-mill.ts","statementMap":{"0":{"start":{"line":1,"column":0},"end":{"line":1,"column":74}},"1":{"start":{"line":2,"column":0},"end":{"line":2,"column":20}},"2":{"start":{"line":9,"column":0},"end":{"line":9,"column":48}},"3":{"start":{"line":28,"column":4},"end":{"line":28,"column":27}},"4":{"start":{"line":29,"column":4},"end":{"line":29,"column":27}},"5":{"start":{"line":30,"column":4},"end":{"line":30,"column":29}},"6":{"start":{"line":31,"column":19},"end":{"line":31,"column":43}},"7":{"start":{"line":32,"column":4},"end":{"line":32,"column":47}},"8":{"start":{"line":37,"column":26},"end":{"line":37,"column":57}},"9":{"start":{"line":38,"column":20},"end":{"line":38,"column":58}},"10":{"start":{"line":39,"column":4},"end":{"line":39,"column":31}},"11":{"start":{"line":40,"column":19},"end":{"line":40,"column":47}},"12":{"start":{"line":42,"column":4},"end":{"line":45,"column":null}},"13":{"start":{"line":44,"column":6},"end":{"line":44,"column":59}},"14":{"start":{"line":51,"column":4},"end":{"line":51,"column":16}},"15":{"start":{"line":55,"column":4},"end":{"line":55,"column":35}},"16":{"start":{"line":59,"column":19},"end":{"line":61,"column":null}},"17":{"start":{"line":63,"column":4},"end":{"line":69,"column":6}},"18":{"start":{"line":77,"column":18},"end":{"line":77,"column":66}},"19":{"start":{"line":81,"column":16},"end":{"line":83,"column":null}},"20":{"start":{"line":87,"column":6},"end":{"line":89,"column":45}},"21":{"start":{"line":90,"column":4},"end":{"line":99,"column":6}},"22":{"start":{"line":106,"column":4},"end":{"line":106,"column":35}},"23":{"start":{"line":114,"column":19},"end":{"line":114,"column":60}},"24":{"start":{"line":115,"column":16},"end":{"line":115,"column":51}},"25":{"start":{"line":118,"column":17},"end":{"line":118,"column":44}},"26":{"start":{"line":119,"column":4},"end":{"line":119,"column":69}},"27":{"start":{"line":120,"column":19},"end":{"line":120,"column":75}},"28":{"start":{"line":121,"column":4},"end":{"line":121,"column":47}},"29":{"start":{"line":126,"column":4},"end":{"line":126,"column":43}},"30":{"start":{"line":13,"column":0},"end":{"line":13,"column":13}}},"fnMap":{"0":{"name":"(anonymous_1)","decl":{"start":{"line":22,"column":2},"end":{"line":22,"column":null}},"loc":{"start":{"line":26,"column":27},"end":{"line":33,"column":3}}},"1":{"name":"(anonymous_2)","decl":{"start":{"line":35,"column":2},"end":{"line":35,"column":7}},"loc":{"start":{"line":35,"column":11},"end":{"line":46,"column":3}}},"2":{"name":"(anonymous_3)","decl":{"start":{"line":49,"column":2},"end":{"line":49,"column":21}},"loc":{"start":{"line":49,"column":21},"end":{"line":52,"column":3}}},"3":{"name":"(anonymous_4)","decl":{"start":{"line":54,"column":2},"end":{"line":54,"column":16}},"loc":{"start":{"line":54,"column":32},"end":{"line":56,"column":3}}},"4":{"name":"(anonymous_5)","decl":{"start":{"line":58,"column":2},"end":{"line":58,"column":7}},"loc":{"start":{"line":58,"column":55},"end":{"line":70,"column":3}}},"5":{"name":"(anonymous_6)","decl":{"start":{"line":72,"column":2},"end":{"line":72,"column":7}},"loc":{"start":{"line":74,"column":34},"end":{"line":100,"column":3}}},"6":{"name":"(anonymous_7)","decl":{"start":{"line":105,"column":2},"end":{"line":105,"column":7}},"loc":{"start":{"line":105,"column":50},"end":{"line":107,"column":3}}},"7":{"name":"(anonymous_8)","decl":{"start":{"line":110,"column":2},"end":{"line":110,"column":7}},"loc":{"start":{"line":112,"column":36},"end":{"line":122,"column":3}}},"8":{"name":"(anonymous_9)","decl":{"start":{"line":124,"column":2},"end":{"line":124,"column":24}},"loc":{"start":{"line":124,"column":39},"end":{"line":127,"column":3}}}},"branchMap":{"0":{"loc":{"start":{"line":87,"column":6},"end":{"line":89,"column":45}},"type":"cond-expr","locations":[{"start":{"line":88,"column":10},"end":{"line":88,"column":73}},{"start":{"line":89,"column":10},"end":{"line":89,"column":45}}]}},"s":{"0":1,"1":1,"2":1,"3":0,"4":0,"5":0,"6":0,"7":0,"8":0,"9":0,"10":0,"11":0,"12":0,"13":0,"14":0,"15":0,"16":0,"17":0,"18":0,"19":0,"20":0,"21":0,"22":0,"23":0,"24":0,"25":0,"26":0,"27":0,"28":0,"29":0,"30":1},"f":{"0":0,"1":0,"2":0,"3":0,"4":0,"5":0,"6":0,"7":0,"8":0},"b":{"0":[0,0]}}
,"/Users/jleng/Workspace/token/sdk/typescript/src/token-types.ts": {"path":"/Users/jleng/Workspace/token/sdk/typescript/src/token-types.ts","statementMap":{"0":{"start":{"line":9,"column":2},"end":{"line":15,"column":null}},"1":{"start":{"line":10,"column":4},"end":{"line":10,"column":49}},"2":{"start":{"line":12,"column":4},"end":{"line":14,"column":46}},"3":{"start":{"line":5,"column":0},"end":{"line":5,"column":16}},"4":{"start":{"line":21,"column":4},"end":{"line":21,"column":29}},"5":{"start":{"line":18,"column":0},"end":{"line":18,"column":13}},"6":{"start":{"line":43,"column":4},"end":{"line":43,"column":27}},"7":{"start":{"line":44,"column":4},"end":{"line":44,"column":35}},"8":{"start":{"line":45,"column":4},"end":{"line":45,"column":45}},"9":{"start":{"line":46,"column":4},"end":{"line":46,"column":41}},"10":{"start":{"line":47,"column":4},"end":{"line":47,"column":30}},"11":{"start":{"line":48,"column":4},"end":{"line":48,"column":32}},"12":{"start":{"line":49,"column":4},"end":{"line":49,"column":62}},"13":{"start":{"line":25,"column":0},"end":{"line":25,"column":13}},"14":{"start":{"line":81,"column":4},"end":{"line":81,"column":27}},"15":{"start":{"line":82,"column":4},"end":{"line":82,"column":35}},"16":{"start":{"line":83,"column":4},"end":{"line":83,"column":45}},"17":{"start":{"line":84,"column":4},"end":{"line":84,"column":41}},"18":{"start":{"line":85,"column":4},"end":{"line":85,"column":41}},"19":{"start":{"line":86,"column":4},"end":{"line":86,"column":30}},"20":{"start":{"line":87,"column":4},"end":{"line":87,"column":32}},"21":{"start":{"line":88,"column":4},"end":{"line":88,"column":61}},"22":{"start":{"line":89,"column":4},"end":{"line":89,"column":46}},"23":{"start":{"line":90,"column":4},"end":{"line":90,"column":50}},"24":{"start":{"line":91,"column":4},"end":{"line":91,"column":54}},"25":{"start":{"line":92,"column":4},"end":{"line":92,"column":51}},"26":{"start":{"line":53,"column":0},"end":{"line":53,"column":13}},"27":{"start":{"line":101,"column":4},"end":{"line":101,"column":31}},"28":{"start":{"line":102,"column":4},"end":{"line":102,"column":48}},"29":{"start":{"line":103,"column":4},"end":{"line":103,"column":30}},"30":{"start":{"line":96,"column":0},"end":{"line":96,"column":13}},"31":{"start":{"line":111,"column":4},"end":{"line":111,"column":41}},"32":{"start":{"line":112,"column":4},"end":{"line":112,"column":25}},"33":{"start":{"line":107,"column":0},"end":{"line":107,"column":13}}},"fnMap":{"0":{"name":"getMutabilityConfig","decl":{"start":{"line":5,"column":16},"end":{"line":5,"column":35}},"loc":{"start":{"line":7,"column":24},"end":{"line":16,"column":1}}},"1":{"name":"(anonymous_1)","decl":{"start":{"line":20,"column":2},"end":{"line":20,"column":14}},"loc":{"start":{"line":20,"column":66},"end":{"line":22,"column":3}}},"2":{"name":"(anonymous_2)","decl":{"start":{"line":34,"column":2},"end":{"line":34,"column":null}},"loc":{"start":{"line":41,"column":27},"end":{"line":50,"column":3}}},"3":{"name":"(anonymous_3)","decl":{"start":{"line":67,"column":2},"end":{"line":67,"column":null}},"loc":{"start":{"line":79,"column":34},"end":{"line":93,"column":3}}},"4":{"name":"(anonymous_4)","decl":{"start":{"line":100,"column":2},"end":{"line":100,"column":14}},"loc":{"start":{"line":100,"column":75},"end":{"line":104,"column":3}}},"5":{"name":"(anonymous_5)","decl":{"start":{"line":110,"column":2},"end":{"line":110,"column":14}},"loc":{"start":{"line":110,"column":61},"end":{"line":113,"column":3}}}},"branchMap":{"0":{"loc":{"start":{"line":9,"column":2},"end":{"line":15,"column":null}},"type":"if","locations":[{"start":{"line":9,"column":2},"end":{"line":15,"column":null}},{"start":{"line":11,"column":9},"end":{"line":15,"column":null}}]},"1":{"loc":{"start":{"line":12,"column":12},"end":{"line":14,"column":45}},"type":"cond-expr","locations":[{"start":{"line":13,"column":8},"end":{"line":13,"column":14}},{"start":{"line":14,"column":8},"end":{"line":14,"column":45}}]},"2":{"loc":{"start":{"line":43,"column":16},"end":{"line":43,"column":26}},"type":"binary-expr","locations":[{"start":{"line":43,"column":16},"end":{"line":43,"column":20}},{"start":{"line":43,"column":24},"end":{"line":43,"column":26}}]},"3":{"loc":{"start":{"line":44,"column":20},"end":{"line":44,"column":34}},"type":"binary-expr","locations":[{"start":{"line":44,"column":20},"end":{"line":44,"column":28}},{"start":{"line":44,"column":32},"end":{"line":44,"column":34}}]},"4":{"loc":{"start":{"line":45,"column":25},"end":{"line":45,"column":44}},"type":"binary-expr","locations":[{"start":{"line":45,"column":25},"end":{"line":45,"column":38}},{"start":{"line":45,"column":42},"end":{"line":45,"column":44}}]},"5":{"loc":{"start":{"line":46,"column":23},"end":{"line":46,"column":40}},"type":"binary-expr","locations":[{"start":{"line":46,"column":23},"end":{"line":46,"column":34}},{"start":{"line":46,"column":38},"end":{"line":46,"column":40}}]},"6":{"loc":{"start":{"line":47,"column":18},"end":{"line":47,"column":29}},"type":"binary-expr","locations":[{"start":{"line":47,"column":18},"end":{"line":47,"column":24}},{"start":{"line":47,"column":28},"end":{"line":47,"column":29}}]},"7":{"loc":{"start":{"line":48,"column":19},"end":{"line":48,"column":31}},"type":"binary-expr","locations":[{"start":{"line":48,"column":19},"end":{"line":48,"column":26}},{"start":{"line":48,"column":30},"end":{"line":48,"column":31}}]},"8":{"loc":{"start":{"line":81,"column":16},"end":{"line":81,"column":26}},"type":"binary-expr","locations":[{"start":{"line":81,"column":16},"end":{"line":81,"column":20}},{"start":{"line":81,"column":24},"end":{"line":81,"column":26}}]},"9":{"loc":{"start":{"line":82,"column":20},"end":{"line":82,"column":34}},"type":"binary-expr","locations":[{"start":{"line":82,"column":20},"end":{"line":82,"column":28}},{"start":{"line":82,"column":32},"end":{"line":82,"column":34}}]},"10":{"loc":{"start":{"line":83,"column":25},"end":{"line":83,"column":44}},"type":"binary-expr","locations":[{"start":{"line":83,"column":25},"end":{"line":83,"column":38}},{"start":{"line":83,"column":42},"end":{"line":83,"column":44}}]},"11":{"loc":{"start":{"line":84,"column":23},"end":{"line":84,"column":40}},"type":"binary-expr","locations":[{"start":{"line":84,"column":23},"end":{"line":84,"column":34}},{"start":{"line":84,"column":38},"end":{"line":84,"column":40}}]},"12":{"loc":{"start":{"line":86,"column":18},"end":{"line":86,"column":29}},"type":"binary-expr","locations":[{"start":{"line":86,"column":18},"end":{"line":86,"column":24}},{"start":{"line":86,"column":28},"end":{"line":86,"column":29}}]},"13":{"loc":{"start":{"line":87,"column":19},"end":{"line":87,"column":31}},"type":"binary-expr","locations":[{"start":{"line":87,"column":19},"end":{"line":87,"column":26}},{"start":{"line":87,"column":30},"end":{"line":87,"column":31}}]},"14":{"loc":{"start":{"line":89,"column":29},"end":{"line":89,"column":45}},"type":"binary-expr","locations":[{"start":{"line":89,"column":29},"end":{"line":89,"column":39}},{"start":{"line":89,"column":43},"end":{"line":89,"column":45}}]},"15":{"loc":{"start":{"line":90,"column":28},"end":{"line":90,"column":49}},"type":"binary-expr","locations":[{"start":{"line":90,"column":28},"end":{"line":90,"column":44}},{"start":{"line":90,"column":48},"end":{"line":90,"column":49}}]},"16":{"loc":{"start":{"line":91,"column":30},"end":{"line":91,"column":53}},"type":"binary-expr","locations":[{"start":{"line":91,"column":30},"end":{"line":91,"column":48}},{"start":{"line":91,"column":52},"end":{"line":91,"column":53}}]},"17":{"loc":{"start":{"line":102,"column":27},"end":{"line":102,"column":47}},"type":"binary-expr","locations":[{"start":{"line":102,"column":27},"end":{"line":102,"column":42}},{"start":{"line":102,"column":46},"end":{"line":102,"column":47}}]},"18":{"loc":{"start":{"line":103,"column":18},"end":{"line":103,"column":29}},"type":"binary-expr","locations":[{"start":{"line":103,"column":18},"end":{"line":103,"column":24}},{"start":{"line":103,"column":28},"end":{"line":103,"column":29}}]}},"s":{"0":3,"1":0,"2":3,"3":2,"4":0,"5":2,"6":1,"7":1,"8":1,"9":1,"10":1,"11":1,"12":1,"13":2,"14":2,"15":2,"16":2,"17":2,"18":2,"19":2,"20":2,"21":2,"22":2,"23":2,"24":2,"25":2,"26":2,"27":2,"28":2,"29":2,"30":2,"31":1,"32":1,"33":2},"f":{"0":3,"1":0,"2":1,"3":2,"4":2,"5":1},"b":{"0":[0,3],"1":[3,0],"2":[1,0],"3":[1,0],"4":[1,0],"5":[1,0],"6":[1,1],"7":[1,0],"8":[2,0],"9":[2,0],"10":[2,0],"11":[2,0],"12":[2,0],"13":[2,2],"14":[2,0],"15":[2,0],"16":[2,0],"17":[2,2],"18":[2,2]}}
}
