TN:
SF:src/asset-uploader.ts
FN:22,(anonymous_1)
FN:25,(anonymous_2)
FN:36,(anonymous_3)
FN:43,(anonymous_4)
FNF:4
FNH:2
FNDA:2,(anonymous_1)
FNDA:0,(anonymous_2)
FNDA:0,(anonymous_3)
FNDA:2,(anonymous_4)
DA:1,2
DA:4,2
DA:13,2
DA:16,2
DA:23,2
DA:24,2
DA:25,2
DA:26,0
DA:28,2
DA:37,0
DA:39,0
DA:40,0
DA:44,2
DA:45,2
LF:14
LH:10
BRF:0
BRH:0
end_of_record
TN:
SF:src/input-parser.ts
FN:8,parseAssetJson
FN:25,(anonymous_1)
FNF:2
FNH:2
FNDA:1,parseAssetJson
FNDA:2,(anonymous_1)
DA:1,2
DA:8,2
DA:9,1
DA:12,1
DA:22,1
DA:23,1
DA:25,1
DA:26,2
DA:40,2
DA:43,1
LF:10
LH:10
BRF:0
BRH:0
end_of_record
TN:
SF:src/token-mill.ts
FN:22,(anonymous_1)
FN:35,(anonymous_2)
FN:49,(anonymous_3)
FN:54,(anonymous_4)
FN:58,(anonymous_5)
FN:72,(anonymous_6)
FN:105,(anonymous_7)
FN:110,(anonymous_8)
FN:124,(anonymous_9)
FNF:9
FNH:0
FNDA:0,(anonymous_1)
FNDA:0,(anonymous_2)
FNDA:0,(anonymous_3)
FNDA:0,(anonymous_4)
FNDA:0,(anonymous_5)
FNDA:0,(anonymous_6)
FNDA:0,(anonymous_7)
FNDA:0,(anonymous_8)
FNDA:0,(anonymous_9)
DA:1,1
DA:2,1
DA:9,1
DA:13,1
DA:28,0
DA:29,0
DA:30,0
DA:31,0
DA:32,0
DA:37,0
DA:38,0
DA:39,0
DA:40,0
DA:42,0
DA:44,0
DA:51,0
DA:55,0
DA:59,0
DA:63,0
DA:77,0
DA:81,0
DA:87,0
DA:90,0
DA:106,0
DA:114,0
DA:115,0
DA:118,0
DA:119,0
DA:120,0
DA:121,0
DA:126,0
LF:31
LH:4
BRDA:87,0,0,0
BRDA:87,0,1,0
BRF:2
BRH:0
end_of_record
TN:
SF:src/token-types.ts
FN:5,getMutabilityConfig
FN:20,(anonymous_1)
FN:34,(anonymous_2)
FN:67,(anonymous_3)
FN:100,(anonymous_4)
FN:110,(anonymous_5)
FNF:6
FNH:5
FNDA:3,getMutabilityConfig
FNDA:0,(anonymous_1)
FNDA:1,(anonymous_2)
FNDA:2,(anonymous_3)
FNDA:2,(anonymous_4)
FNDA:1,(anonymous_5)
DA:5,2
DA:9,3
DA:10,0
DA:12,3
DA:18,2
DA:21,0
DA:25,2
DA:43,1
DA:44,1
DA:45,1
DA:46,1
DA:47,1
DA:48,1
DA:49,1
DA:53,2
DA:81,2
DA:82,2
DA:83,2
DA:84,2
DA:85,2
DA:86,2
DA:87,2
DA:88,2
DA:89,2
DA:90,2
DA:91,2
DA:92,2
DA:96,2
DA:101,2
DA:102,2
DA:103,2
DA:107,2
DA:111,1
DA:112,1
LF:34
LH:32
BRDA:9,0,0,0
BRDA:9,0,1,3
BRDA:12,1,0,3
BRDA:12,1,1,0
BRDA:43,2,0,1
BRDA:43,2,1,0
BRDA:44,3,0,1
BRDA:44,3,1,0
BRDA:45,4,0,1
BRDA:45,4,1,0
BRDA:46,5,0,1
BRDA:46,5,1,0
BRDA:47,6,0,1
BRDA:47,6,1,1
BRDA:48,7,0,1
BRDA:48,7,1,0
BRDA:81,8,0,2
BRDA:81,8,1,0
BRDA:82,9,0,2
BRDA:82,9,1,0
BRDA:83,10,0,2
BRDA:83,10,1,0
BRDA:84,11,0,2
BRDA:84,11,1,0
BRDA:86,12,0,2
BRDA:86,12,1,0
BRDA:87,13,0,2
BRDA:87,13,1,2
BRDA:89,14,0,2
BRDA:89,14,1,0
BRDA:90,15,0,2
BRDA:90,15,1,0
BRDA:91,16,0,2
BRDA:91,16,1,0
BRDA:102,17,0,2
BRDA:102,17,1,2
BRDA:103,18,0,2
BRDA:103,18,1,2
BRF:38
BRH:23
end_of_record
